<?xml version="1.0" encoding="UTF-8"?>
<robot generator="Robot 7.3.2 (Python 3.8.5 on win32)" generated="2025-11-12T11:51:01.720262" rpa="false" schemaversion="5">
<suite id="s1" name="Testes" source="C:\Users\MagnaTI\Documents\alura\Projetos\curso-robot\testes">
<suite id="s1-s1" name="Preenchimento Correto" source="C:\Users\MagnaTI\Documents\alura\Projetos\curso-robot\testes\preenchimento_correto.robot">
<test id="s1-s1-t1" name="Verificar se ao preencher os campos do formulario corretamente os dados são inseridos na lista e se um novo card é criado no time esperado" line="7">
<kw name="Dado que eu acesse o organo" owner="setup_teardown" type="SETUP">
<kw name="Evaluate" owner="BuiltIn">
<msg time="2025-11-12T11:51:02.902353" level="INFO">${options} = &lt;selenium.webdriver.chrome.options.Options object at 0x0000025E52951790&gt;</msg>
<var>${options}</var>
<arg>sys.modules['selenium.webdriver'].ChromeOptions()</arg>
<arg>sys, selenium.webdriver</arg>
<doc>Evaluates the given expression in Python and returns the result.</doc>
<status status="PASS" start="2025-11-12T11:51:02.902353" elapsed="0.000000"/>
</kw>
<kw name="Call Method" owner="BuiltIn">
<arg>${options}</arg>
<arg>add_argument</arg>
<arg>--no-sandbox</arg>
<doc>Calls the named method of the given object with the provided arguments.</doc>
<status status="PASS" start="2025-11-12T11:51:02.902353" elapsed="0.000000"/>
</kw>
<kw name="Call Method" owner="BuiltIn">
<arg>${options}</arg>
<arg>add_argument</arg>
<arg>--disable-dev-shm-usage</arg>
<doc>Calls the named method of the given object with the provided arguments.</doc>
<status status="PASS" start="2025-11-12T11:51:02.902353" elapsed="0.000000"/>
</kw>
<kw name="Open Browser" owner="SeleniumLibrary">
<msg time="2025-11-12T11:51:02.902353" level="INFO">Opening browser 'Chrome' to base url 'http://localhost:3000'.</msg>
<arg>${URL}</arg>
<arg>browser=Chrome</arg>
<arg>options=${options}</arg>
<doc>Opens a new browser instance to the optional ``url``.</doc>
<status status="PASS" start="2025-11-12T11:51:02.902353" elapsed="2.783371"/>
</kw>
<kw name="Maximize Browser Window" owner="SeleniumLibrary">
<doc>Maximizes current browser window.</doc>
<status status="PASS" start="2025-11-12T11:51:05.685724" elapsed="0.048180"/>
</kw>
<status status="PASS" start="2025-11-12T11:51:02.902353" elapsed="2.831551"/>
</kw>
<kw name="Dado que preencha os campos do formulario" owner="cadastro">
<kw name="First Name" owner="FakerLibrary">
<msg time="2025-11-12T11:51:05.733904" level="INFO">${Nome} = Julia</msg>
<var>${Nome}</var>
<status status="PASS" start="2025-11-12T11:51:05.733904" elapsed="0.000000"/>
</kw>
<kw name="Input Text" owner="SeleniumLibrary">
<msg time="2025-11-12T11:51:05.733904" level="INFO">Typing text 'Julia' into text field 'id:form-nome'.</msg>
<arg>${CAMPO_NOME}</arg>
<arg>${Nome}</arg>
<doc>Types the given ``text`` into the text field identified by ``locator``.</doc>
<status status="PASS" start="2025-11-12T11:51:05.733904" elapsed="0.216622"/>
</kw>
<kw name="Job" owner="FakerLibrary">
<msg time="2025-11-12T11:51:05.950526" level="INFO">${Cargo} = Bioquímico</msg>
<var>${Cargo}</var>
<status status="PASS" start="2025-11-12T11:51:05.950526" elapsed="0.000000"/>
</kw>
<kw name="Input Text" owner="SeleniumLibrary">
<msg time="2025-11-12T11:51:05.950526" level="INFO">Typing text 'Bioquímico' into text field 'id:form-cargo'.</msg>
<arg>${CAMPO_CARGO}</arg>
<arg>${Cargo}</arg>
<doc>Types the given ``text`` into the text field identified by ``locator``.</doc>
<status status="PASS" start="2025-11-12T11:51:05.950526" elapsed="0.166461"/>
</kw>
<kw name="Image Url" owner="FakerLibrary">
<msg time="2025-11-12T11:51:06.125069" level="INFO">${Imagem} = https://picsum.photos/100/100</msg>
<var>${Imagem}</var>
<arg>width=100</arg>
<arg>height=100</arg>
<doc>Returns URL to placeholder image
Example: http://placehold.it/640x480</doc>
<status status="PASS" start="2025-11-12T11:51:06.116987" elapsed="0.008082"/>
</kw>
<kw name="Input Text" owner="SeleniumLibrary">
<msg time="2025-11-12T11:51:06.125069" level="INFO">Typing text 'https://picsum.photos/100/100' into text field 'id:form-imagem'.</msg>
<arg>${CAMPO_IMAGEM}</arg>
<arg>${Imagem}</arg>
<doc>Types the given ``text`` into the text field identified by ``locator``.</doc>
<status status="PASS" start="2025-11-12T11:51:06.125069" elapsed="0.222434"/>
</kw>
<kw name="Click Element" owner="SeleniumLibrary">
<msg time="2025-11-12T11:51:06.347503" level="INFO">Clicking element 'class:lista-suspensa'.</msg>
<arg>${CAMPO_TIME}</arg>
<doc>Click the element identified by ``locator``.</doc>
<status status="PASS" start="2025-11-12T11:51:06.347503" elapsed="0.151931"/>
</kw>
<kw name="Click Element" owner="SeleniumLibrary">
<msg time="2025-11-12T11:51:06.500545" level="INFO">Clicking element '//option[contains(.,'Programação')]'.</msg>
<arg>${selecionar_times}[0]</arg>
<doc>Click the element identified by ``locator``.</doc>
<status status="PASS" start="2025-11-12T11:51:06.499804" elapsed="0.059828"/>
</kw>
<status status="PASS" start="2025-11-12T11:51:05.733904" elapsed="0.825728"/>
</kw>
<kw name="E clique no botão de criar card" owner="cadastro">
<kw name="Click Element" owner="SeleniumLibrary">
<msg time="2025-11-12T11:51:06.559632" level="INFO">Clicking element 'id:form-botao'.</msg>
<arg>${BOTAO_CARD}</arg>
<doc>Click the element identified by ``locator``.</doc>
<status status="PASS" start="2025-11-12T11:51:06.559632" elapsed="0.221764"/>
</kw>
<status status="PASS" start="2025-11-12T11:51:06.559632" elapsed="0.223739"/>
</kw>
<kw name="Então identificar o card no time esperado" owner="cadastro">
<kw name="Element Should Be Visible" owner="SeleniumLibrary">
<msg time="2025-11-12T11:51:06.814452" level="INFO">Element 'class:colaborador' is displayed.</msg>
<arg>class:colaborador</arg>
<doc>Verifies that the element identified by ``locator`` is visible.</doc>
<status status="PASS" start="2025-11-12T11:51:06.783371" elapsed="0.031081"/>
</kw>
<status status="PASS" start="2025-11-12T11:51:06.783371" elapsed="0.031081"/>
</kw>
<kw name="Sleep" owner="BuiltIn">
<msg time="2025-11-12T11:51:11.825197" level="INFO">Slept 5 seconds.</msg>
<arg>5s</arg>
<doc>Pauses the test executed for the given time.</doc>
<status status="PASS" start="2025-11-12T11:51:06.814452" elapsed="5.010745"/>
</kw>
<kw name="Fechar o navegador" owner="setup_teardown" type="TEARDOWN">
<kw name="Close Browser" owner="SeleniumLibrary">
<doc>Closes the current browser.</doc>
<status status="PASS" start="2025-11-12T11:51:11.825197" elapsed="2.462739"/>
</kw>
<status status="PASS" start="2025-11-12T11:51:11.825197" elapsed="2.462739"/>
</kw>
<status status="PASS" start="2025-11-12T11:51:02.894845" elapsed="11.393091"/>
</test>
<test id="s1-s1-t2" name="Verificar se é possivel criar mais de um card se preenchermos os campos corretamente" line="12">
<kw name="Dado que eu acesse o organo" owner="setup_teardown" type="SETUP">
<kw name="Evaluate" owner="BuiltIn">
<msg time="2025-11-12T11:51:14.293719" level="INFO">${options} = &lt;selenium.webdriver.chrome.options.Options object at 0x0000025E529FF1F0&gt;</msg>
<var>${options}</var>
<arg>sys.modules['selenium.webdriver'].ChromeOptions()</arg>
<arg>sys, selenium.webdriver</arg>
<doc>Evaluates the given expression in Python and returns the result.</doc>
<status status="PASS" start="2025-11-12T11:51:14.287936" elapsed="0.005783"/>
</kw>
<kw name="Call Method" owner="BuiltIn">
<arg>${options}</arg>
<arg>add_argument</arg>
<arg>--no-sandbox</arg>
<doc>Calls the named method of the given object with the provided arguments.</doc>
<status status="PASS" start="2025-11-12T11:51:14.293719" elapsed="0.000000"/>
</kw>
<kw name="Call Method" owner="BuiltIn">
<arg>${options}</arg>
<arg>add_argument</arg>
<arg>--disable-dev-shm-usage</arg>
<doc>Calls the named method of the given object with the provided arguments.</doc>
<status status="PASS" start="2025-11-12T11:51:14.293719" elapsed="0.000000"/>
</kw>
<kw name="Open Browser" owner="SeleniumLibrary">